
Bookãƒ¢ãƒ‡ãƒ«ã®ãƒ†ã‚¹ãƒˆ
  ãƒãƒªãƒ‡ãƒ¼ã‚·ãƒ§ãƒ³ã®ãƒ†ã‚¹ãƒˆ
    titleã‚«ãƒ©ãƒ 
[32m      ç©ºæ¬„ã§ãªã„ã“ã¨[0m
    bodyã‚«ãƒ©ãƒ 
[32m      ç©ºæ¬„ã§ãªã„ã“ã¨[0m
[32m      200æ–‡å­—ä»¥ä¸‹ã§ã‚ã‚‹ã“ã¨: 200æ–‡å­—ã¯ã€‡[0m
[32m      200æ–‡å­—ä»¥ä¸‹ã§ã‚ã‚‹ã“ã¨: 201æ–‡å­—ã¯Ã—[0m
  ã‚¢ã‚½ã‚·ã‚¨ãƒ¼ã‚·ãƒ§ãƒ³ã®ãƒ†ã‚¹ãƒˆ
    Userãƒ¢ãƒ‡ãƒ«ã¨ã®é–¢ä¿‚
[32m      N:1ã¨ãªã£ã¦ã„ã‚‹[0m

Userãƒ¢ãƒ‡ãƒ«ã®ãƒ†ã‚¹ãƒˆ
  ãƒãƒªãƒ‡ãƒ¼ã‚·ãƒ§ãƒ³ã®ãƒ†ã‚¹ãƒˆ
    nameã‚«ãƒ©ãƒ 
[32m      ç©ºæ¬„ã§ãªã„ã“ã¨[0m
[32m      2æ–‡å­—ä»¥ä¸Šã§ã‚ã‚‹ã“ã¨: 1æ–‡å­—ã¯Ã—[0m
[32m      2æ–‡å­—ä»¥ä¸Šã§ã‚ã‚‹ã“ã¨: 2æ–‡å­—ã¯ã€‡[0m
[32m      20æ–‡å­—ä»¥ä¸‹ã§ã‚ã‚‹ã“ã¨: 20æ–‡å­—ã¯ã€‡[0m
[32m      20æ–‡å­—ä»¥ä¸‹ã§ã‚ã‚‹ã“ã¨: 21æ–‡å­—ã¯Ã—[0m
[32m      ä¸€æ„æ€§ãŒã‚ã‚‹ã“ã¨[0m
    introductionã‚«ãƒ©ãƒ 
[32m      50æ–‡å­—ä»¥ä¸‹ã§ã‚ã‚‹ã“ã¨: 50æ–‡å­—ã¯ã€‡[0m
[32m      50æ–‡å­—ä»¥ä¸‹ã§ã‚ã‚‹ã“ã¨: 51æ–‡å­—ã¯Ã—[0m
  ã‚¢ã‚½ã‚·ã‚¨ãƒ¼ã‚·ãƒ§ãƒ³ã®ãƒ†ã‚¹ãƒˆ
    Bookãƒ¢ãƒ‡ãƒ«ã¨ã®é–¢ä¿‚
[32m      1:Nã¨ãªã£ã¦ã„ã‚‹[0m

[STEP1] ãƒ¦ãƒ¼ã‚¶ãƒ­ã‚°ã‚¤ãƒ³å‰ã®ãƒ†ã‚¹ãƒˆ
  ãƒˆãƒƒãƒ—ç”»é¢ã®ãƒ†ã‚¹ãƒˆ
    è¡¨ç¤ºå†…å®¹ã®ç¢ºèª
[32m      URLãŒæ­£ã—ã„[0m
[31m      Log inãƒªãƒ³ã‚¯ãŒè¡¨ç¤ºã•ã‚Œã‚‹: é’è‰²ã®ãƒœã‚¿ãƒ³ã®è¡¨ç¤ºãŒã€ŒLog inã€ã§ã‚ã‚‹ (FAILED - 1)[0m
[31m      Log inãƒªãƒ³ã‚¯ã®å†…å®¹ãŒæ­£ã—ã„ (FAILED - 2)[0m
[31m      Sign upãƒªãƒ³ã‚¯ãŒè¡¨ç¤ºã•ã‚Œã‚‹: ç·‘è‰²ã®ãƒœã‚¿ãƒ³ã®è¡¨ç¤ºãŒã€ŒSign upã€ã§ã‚ã‚‹ (FAILED - 3)[0m
[31m      Sign upãƒªãƒ³ã‚¯ã®å†…å®¹ãŒæ­£ã—ã„ (FAILED - 4)[0m
  ã‚¢ãƒã‚¦ãƒˆç”»é¢ã®ãƒ†ã‚¹ãƒˆ
    è¡¨ç¤ºå†…å®¹ã®ç¢ºèª
[31m      URLãŒæ­£ã—ã„ (FAILED - 5)[0m
  ãƒ˜ãƒƒãƒ€ãƒ¼ã®ãƒ†ã‚¹ãƒˆ: ãƒ­ã‚°ã‚¤ãƒ³ã—ã¦ã„ãªã„å ´åˆ
    è¡¨ç¤ºå†…å®¹ã®ç¢ºèª
[31m      Bookersãƒªãƒ³ã‚¯ãŒè¡¨ç¤ºã•ã‚Œã‚‹: å·¦ä¸Šã‹ã‚‰1ç•ªç›®ã®ãƒªãƒ³ã‚¯ãŒã€ŒBookersã€ã§ã‚ã‚‹ (FAILED - 6)[0m
[31m      Homeãƒªãƒ³ã‚¯ãŒè¡¨ç¤ºã•ã‚Œã‚‹: å·¦ä¸Šã‹ã‚‰2ç•ªç›®ã®ãƒªãƒ³ã‚¯ãŒã€ŒHomeã€ã§ã‚ã‚‹ (FAILED - 7)[0m
[31m      Aboutãƒªãƒ³ã‚¯ãŒè¡¨ç¤ºã•ã‚Œã‚‹: å·¦ä¸Šã‹ã‚‰3ç•ªç›®ã®ãƒªãƒ³ã‚¯ãŒã€ŒAboutã€ã§ã‚ã‚‹ (FAILED - 8)[0m
[31m      Sign upãƒªãƒ³ã‚¯ãŒè¡¨ç¤ºã•ã‚Œã‚‹: å·¦ä¸Šã‹ã‚‰4ç•ªç›®ã®ãƒªãƒ³ã‚¯ãŒã€ŒSign upã€ã§ã‚ã‚‹ (FAILED - 9)[0m
[31m      Log inãƒªãƒ³ã‚¯ãŒè¡¨ç¤ºã•ã‚Œã‚‹: å·¦ä¸Šã‹ã‚‰5ç•ªç›®ã®ãƒªãƒ³ã‚¯ãŒã€ŒLog inã€ã§ã‚ã‚‹ (FAILED - 10)[0m
    ãƒªãƒ³ã‚¯ã®å†…å®¹ã‚’ç¢ºèª
[31m      Bookersã‚’æŠ¼ã™ã¨ã€ãƒˆãƒƒãƒ—ç”»é¢ã«é·ç§»ã™ã‚‹ (FAILED - 11)[0m
[31m      Homeã‚’æŠ¼ã™ã¨ã€ãƒˆãƒƒãƒ—ç”»é¢ã«é·ç§»ã™ã‚‹ (FAILED - 12)[0m
[31m      Aboutã‚’æŠ¼ã™ã¨ã€ã‚¢ãƒã‚¦ãƒˆç”»é¢ã«é·ç§»ã™ã‚‹ (FAILED - 13)[0m
[31m      Sign upã‚’æŠ¼ã™ã¨ã€æ–°è¦ç™»éŒ²ç”»é¢ã«é·ç§»ã™ã‚‹ (FAILED - 14)[0m
[31m      Log inã‚’æŠ¼ã™ã¨ã€ãƒ­ã‚°ã‚¤ãƒ³ç”»é¢ã«é·ç§»ã™ã‚‹ (FAILED - 15)[0m
  ãƒ¦ãƒ¼ã‚¶æ–°è¦ç™»éŒ²ã®ãƒ†ã‚¹ãƒˆ
    è¡¨ç¤ºå†…å®¹ã®ç¢ºèª
[32m      URLãŒæ­£ã—ã„[0m
[32m      ã€ŒSign upã€ã¨è¡¨ç¤ºã•ã‚Œã‚‹[0m
[32m      nameãƒ•ã‚©ãƒ¼ãƒ ãŒè¡¨ç¤ºã•ã‚Œã‚‹[0m
[32m      emailãƒ•ã‚©ãƒ¼ãƒ ãŒè¡¨ç¤ºã•ã‚Œã‚‹[0m
[32m      passwordãƒ•ã‚©ãƒ¼ãƒ ãŒè¡¨ç¤ºã•ã‚Œã‚‹[0m
[32m      password_confirmationãƒ•ã‚©ãƒ¼ãƒ ãŒè¡¨ç¤ºã•ã‚Œã‚‹[0m
[32m      Sign upãƒœã‚¿ãƒ³ãŒè¡¨ç¤ºã•ã‚Œã‚‹[0m
    æ–°è¦ç™»éŒ²æˆåŠŸã®ãƒ†ã‚¹ãƒˆ
[32m      æ­£ã—ãæ–°è¦ç™»éŒ²ã•ã‚Œã‚‹[0m
[32m      æ–°è¦ç™»éŒ²å¾Œã®ãƒªãƒ€ã‚¤ãƒ¬ã‚¯ãƒˆå…ˆãŒã€æ–°è¦ç™»éŒ²ã§ããŸãƒ¦ãƒ¼ã‚¶ã®è©³ç´°ç”»é¢ã«ãªã£ã¦ã„ã‚‹[0m
  ãƒ¦ãƒ¼ã‚¶ãƒ­ã‚°ã‚¤ãƒ³
    è¡¨ç¤ºå†…å®¹ã®ç¢ºèª
[32m      URLãŒæ­£ã—ã„[0m
[32m      ã€ŒLog inã€ã¨è¡¨ç¤ºã•ã‚Œã‚‹[0m
[32m      nameãƒ•ã‚©ãƒ¼ãƒ ãŒè¡¨ç¤ºã•ã‚Œã‚‹[0m
[32m      passwordãƒ•ã‚©ãƒ¼ãƒ ãŒè¡¨ç¤ºã•ã‚Œã‚‹[0m
[32m      Log inãƒœã‚¿ãƒ³ãŒè¡¨ç¤ºã•ã‚Œã‚‹[0m
[32m      emailãƒ•ã‚©ãƒ¼ãƒ ã¯è¡¨ç¤ºã•ã‚Œãªã„[0m
    ãƒ­ã‚°ã‚¤ãƒ³æˆåŠŸã®ãƒ†ã‚¹ãƒˆ
[31m      ãƒ­ã‚°ã‚¤ãƒ³å¾Œã®ãƒªãƒ€ã‚¤ãƒ¬ã‚¯ãƒˆå…ˆãŒã€ãƒ­ã‚°ã‚¤ãƒ³ã—ãŸãƒ¦ãƒ¼ã‚¶ã®è©³ç´°ç”»é¢ã«ãªã£ã¦ã„ã‚‹ (FAILED - 16)[0m

Failures:

  1) [STEP1] ãƒ¦ãƒ¼ã‚¶ãƒ­ã‚°ã‚¤ãƒ³å‰ã®ãƒ†ã‚¹ãƒˆ ãƒˆãƒƒãƒ—ç”»é¢ã®ãƒ†ã‚¹ãƒˆ è¡¨ç¤ºå†…å®¹ã®ç¢ºèª Log inãƒªãƒ³ã‚¯ãŒè¡¨ç¤ºã•ã‚Œã‚‹: é’è‰²ã®ãƒœã‚¿ãƒ³ã®è¡¨ç¤ºãŒã€ŒLog inã€ã§ã‚ã‚‹
     [31mFailure/Error: expect(log_in_link).to match(/Log in/)[0m
     [31m[0m
     [31m  expected "\n               Sign up\n" to match /Log in/[0m
     [31m  Diff:[0m[0m
     [31m  [0m[34m@@ -1,2 +1,3 @@[0m
     [31m  [0m[31m-/Log in/[0m
     [31m  [0m[32m+[0m
     [31m  [0m[32m+               Sign up[0m
     [31m  [0m[0m
     [36m# ./spec/system/01_before_login_spec.rb:15:in `block (4 levels) in <main>'[0m

  2) [STEP1] ãƒ¦ãƒ¼ã‚¶ãƒ­ã‚°ã‚¤ãƒ³å‰ã®ãƒ†ã‚¹ãƒˆ ãƒˆãƒƒãƒ—ç”»é¢ã®ãƒ†ã‚¹ãƒˆ è¡¨ç¤ºå†…å®¹ã®ç¢ºèª Log inãƒªãƒ³ã‚¯ã®å†…å®¹ãŒæ­£ã—ã„
     [31mFailure/Error: expect(page).to have_link log_in_link, href: new_user_session_path[0m
     [31m  expected to find link "\n               Sign up\n" with href "/users/sign_in" but there were no matches[0m
     [36m# ./spec/system/01_before_login_spec.rb:19:in `block (4 levels) in <main>'[0m

  3) [STEP1] ãƒ¦ãƒ¼ã‚¶ãƒ­ã‚°ã‚¤ãƒ³å‰ã®ãƒ†ã‚¹ãƒˆ ãƒˆãƒƒãƒ—ç”»é¢ã®ãƒ†ã‚¹ãƒˆ è¡¨ç¤ºå†…å®¹ã®ç¢ºèª Sign upãƒªãƒ³ã‚¯ãŒè¡¨ç¤ºã•ã‚Œã‚‹: ç·‘è‰²ã®ãƒœã‚¿ãƒ³ã®è¡¨ç¤ºãŒã€ŒSign upã€ã§ã‚ã‚‹
     [31mFailure/Error: expect(sign_up_link).to match(/Sign up/)[0m
     [31m[0m
     [31m  expected "\n               Log in\n" to match /Sign up/[0m
     [31m  Diff:[0m[0m
     [31m  [0m[34m@@ -1,2 +1,3 @@[0m
     [31m  [0m[31m-/Sign up/[0m
     [31m  [0m[32m+[0m
     [31m  [0m[32m+               Log in[0m
     [31m  [0m[0m
     [36m# ./spec/system/01_before_login_spec.rb:23:in `block (4 levels) in <main>'[0m

  4) [STEP1] ãƒ¦ãƒ¼ã‚¶ãƒ­ã‚°ã‚¤ãƒ³å‰ã®ãƒ†ã‚¹ãƒˆ ãƒˆãƒƒãƒ—ç”»é¢ã®ãƒ†ã‚¹ãƒˆ è¡¨ç¤ºå†…å®¹ã®ç¢ºèª Sign upãƒªãƒ³ã‚¯ã®å†…å®¹ãŒæ­£ã—ã„
     [31mFailure/Error: expect(page).to have_link sign_up_link, href: new_user_registration_path[0m
     [31m  expected to find link "\n               Log in\n" with href "/users/sign_up" but there were no matches[0m
     [36m# ./spec/system/01_before_login_spec.rb:27:in `block (4 levels) in <main>'[0m

  5) [STEP1] ãƒ¦ãƒ¼ã‚¶ãƒ­ã‚°ã‚¤ãƒ³å‰ã®ãƒ†ã‚¹ãƒˆ ã‚¢ãƒã‚¦ãƒˆç”»é¢ã®ãƒ†ã‚¹ãƒˆ è¡¨ç¤ºå†…å®¹ã®ç¢ºèª URLãŒæ­£ã—ã„
     [31mFailure/Error: visit '/home/about'[0m
     [31m[0m
     [31mActionController::RoutingError:[0m
     [31m  No route matches [GET] "/home/about"[0m
     [36m# /home/ec2-user/.rvm/gems/ruby-3.1.2/gems/railties-6.1.7/lib/rails/rack/logger.rb:37:in `call_app'[0m
     [36m# /home/ec2-user/.rvm/gems/ruby-3.1.2/gems/railties-6.1.7/lib/rails/rack/logger.rb:26:in `block in call'[0m
     [36m# /home/ec2-user/.rvm/gems/ruby-3.1.2/gems/railties-6.1.7/lib/rails/rack/logger.rb:26:in `call'[0m
     [36m# /home/ec2-user/.rvm/gems/ruby-3.1.2/gems/rack-2.2.4/lib/rack/method_override.rb:24:in `call'[0m
     [36m# /home/ec2-user/.rvm/gems/ruby-3.1.2/gems/rack-2.2.4/lib/rack/runtime.rb:22:in `call'[0m
     [36m# /home/ec2-user/.rvm/gems/ruby-3.1.2/gems/rack-2.2.4/lib/rack/sendfile.rb:110:in `call'[0m
     [36m# /home/ec2-user/.rvm/gems/ruby-3.1.2/gems/railties-6.1.7/lib/rails/engine.rb:539:in `call'[0m
     [36m# /home/ec2-user/.rvm/gems/ruby-3.1.2/gems/rack-2.2.4/lib/rack/urlmap.rb:74:in `block in call'[0m
     [36m# /home/ec2-user/.rvm/gems/ruby-3.1.2/gems/rack-2.2.4/lib/rack/urlmap.rb:58:in `each'[0m
     [36m# /home/ec2-user/.rvm/gems/ruby-3.1.2/gems/rack-2.2.4/lib/rack/urlmap.rb:58:in `call'[0m
     [36m# /home/ec2-user/.rvm/gems/ruby-3.1.2/gems/rack-2.2.4/lib/rack/builder.rb:244:in `call'[0m
     [36m# /home/ec2-user/.rvm/gems/ruby-3.1.2/gems/rack-test-2.0.2/lib/rack/test.rb:358:in `process_request'[0m
     [36m# /home/ec2-user/.rvm/gems/ruby-3.1.2/gems/rack-test-2.0.2/lib/rack/test.rb:165:in `custom_request'[0m
     [36m# /home/ec2-user/.rvm/gems/ruby-3.1.2/gems/rack-test-2.0.2/lib/rack/test.rb:114:in `get'[0m
     [36m# /home/ec2-user/.rvm/gems/ruby-3.1.2/gems/capybara-3.38.0/lib/capybara/rack_test/browser.rb:80:in `process'[0m
     [36m# /home/ec2-user/.rvm/gems/ruby-3.1.2/gems/capybara-3.38.0/lib/capybara/rack_test/browser.rb:55:in `process_and_follow_redirects'[0m
     [36m# /home/ec2-user/.rvm/gems/ruby-3.1.2/gems/capybara-3.38.0/lib/capybara/rack_test/browser.rb:26:in `visit'[0m
     [36m# /home/ec2-user/.rvm/gems/ruby-3.1.2/gems/capybara-3.38.0/lib/capybara/rack_test/driver.rb:46:in `visit'[0m
     [36m# /home/ec2-user/.rvm/gems/ruby-3.1.2/gems/capybara-3.38.0/lib/capybara/session.rb:280:in `visit'[0m
     [36m# /home/ec2-user/.rvm/gems/ruby-3.1.2/gems/capybara-3.38.0/lib/capybara/dsl.rb:52:in `call'[0m
     [36m# /home/ec2-user/.rvm/gems/ruby-3.1.2/gems/capybara-3.38.0/lib/capybara/dsl.rb:52:in `visit'[0m
     [36m# ./spec/system/01_before_login_spec.rb:34:in `block (3 levels) in <main>'[0m

  6) [STEP1] ãƒ¦ãƒ¼ã‚¶ãƒ­ã‚°ã‚¤ãƒ³å‰ã®ãƒ†ã‚¹ãƒˆ ãƒ˜ãƒƒãƒ€ãƒ¼ã®ãƒ†ã‚¹ãƒˆ: ãƒ­ã‚°ã‚¤ãƒ³ã—ã¦ã„ãªã„å ´åˆ è¡¨ç¤ºå†…å®¹ã®ç¢ºèª Bookersãƒªãƒ³ã‚¯ãŒè¡¨ç¤ºã•ã‚Œã‚‹: å·¦ä¸Šã‹ã‚‰1ç•ªç›®ã®ãƒªãƒ³ã‚¯ãŒã€ŒBookersã€ã§ã‚ã‚‹
     [31mFailure/Error: expect(home_link).to match(/Bookers/)[0m
     [31m[0m
     [31m  expected "æ–°è¦ç™»éŒ²" to match /Bookers/[0m
     [31m  Diff:[0m[0m
     [31m  [0m[34m@@ -1 +1 @@[0m
     [31m  [0m[31m-/Bookers/[0m
     [31m  [0m[32m+"æ–°è¦ç™»éŒ²"[0m
     [31m  [0m[0m
     [36m# ./spec/system/01_before_login_spec.rb:52:in `block (4 levels) in <main>'[0m

  7) [STEP1] ãƒ¦ãƒ¼ã‚¶ãƒ­ã‚°ã‚¤ãƒ³å‰ã®ãƒ†ã‚¹ãƒˆ ãƒ˜ãƒƒãƒ€ãƒ¼ã®ãƒ†ã‚¹ãƒˆ: ãƒ­ã‚°ã‚¤ãƒ³ã—ã¦ã„ãªã„å ´åˆ è¡¨ç¤ºå†…å®¹ã®ç¢ºèª Homeãƒªãƒ³ã‚¯ãŒè¡¨ç¤ºã•ã‚Œã‚‹: å·¦ä¸Šã‹ã‚‰2ç•ªç›®ã®ãƒªãƒ³ã‚¯ãŒã€ŒHomeã€ã§ã‚ã‚‹
     [31mFailure/Error: expect(home_link).to match(/Home/)[0m
     [31m[0m
     [31m  expected "ãƒ­ã‚°ã‚¤ãƒ³" to match /Home/[0m
     [31m  Diff:[0m[0m
     [31m  [0m[34m@@ -1 +1 @@[0m
     [31m  [0m[31m-/Home/[0m
     [31m  [0m[32m+"ãƒ­ã‚°ã‚¤ãƒ³"[0m
     [31m  [0m[0m
     [36m# ./spec/system/01_before_login_spec.rb:56:in `block (4 levels) in <main>'[0m

  8) [STEP1] ãƒ¦ãƒ¼ã‚¶ãƒ­ã‚°ã‚¤ãƒ³å‰ã®ãƒ†ã‚¹ãƒˆ ãƒ˜ãƒƒãƒ€ãƒ¼ã®ãƒ†ã‚¹ãƒˆ: ãƒ­ã‚°ã‚¤ãƒ³ã—ã¦ã„ãªã„å ´åˆ è¡¨ç¤ºå†…å®¹ã®ç¢ºèª Aboutãƒªãƒ³ã‚¯ãŒè¡¨ç¤ºã•ã‚Œã‚‹: å·¦ä¸Šã‹ã‚‰3ç•ªç›®ã®ãƒªãƒ³ã‚¯ãŒã€ŒAboutã€ã§ã‚ã‚‹
     [31mFailure/Error: expect(about_link).to match(/About/)[0m
     [31m[0m
     [31m  expected "\n        Bookers\n      " to match /About/[0m
     [31m  Diff:[0m[0m
     [31m  [0m[34m@@ -1,3 +1,5 @@[0m
     [31m  [0m[31m-/About/[0m
     [31m  [0m[32m+[0m
     [31m  [0m[32m+        Bookers[0m
     [31m  [0m[32m+      [0m
     [31m  [0m[0m
     [36m# ./spec/system/01_before_login_spec.rb:60:in `block (4 levels) in <main>'[0m

  9) [STEP1] ãƒ¦ãƒ¼ã‚¶ãƒ­ã‚°ã‚¤ãƒ³å‰ã®ãƒ†ã‚¹ãƒˆ ãƒ˜ãƒƒãƒ€ãƒ¼ã®ãƒ†ã‚¹ãƒˆ: ãƒ­ã‚°ã‚¤ãƒ³ã—ã¦ã„ãªã„å ´åˆ è¡¨ç¤ºå†…å®¹ã®ç¢ºèª Sign upãƒªãƒ³ã‚¯ãŒè¡¨ç¤ºã•ã‚Œã‚‹: å·¦ä¸Šã‹ã‚‰4ç•ªç›®ã®ãƒªãƒ³ã‚¯ãŒã€ŒSign upã€ã§ã‚ã‚‹
     [31mFailure/Error: expect(signup_link).to match(/Sign up/)[0m
     [31m[0m
     [31m  expected "\n               Home\n" to match /Sign up/[0m
     [31m  Diff:[0m[0m
     [31m  [0m[34m@@ -1,2 +1,3 @@[0m
     [31m  [0m[31m-/Sign up/[0m
     [31m  [0m[32m+[0m
     [31m  [0m[32m+               Home[0m
     [31m  [0m[0m
     [36m# ./spec/system/01_before_login_spec.rb:64:in `block (4 levels) in <main>'[0m

  10) [STEP1] ãƒ¦ãƒ¼ã‚¶ãƒ­ã‚°ã‚¤ãƒ³å‰ã®ãƒ†ã‚¹ãƒˆ ãƒ˜ãƒƒãƒ€ãƒ¼ã®ãƒ†ã‚¹ãƒˆ: ãƒ­ã‚°ã‚¤ãƒ³ã—ã¦ã„ãªã„å ´åˆ è¡¨ç¤ºå†…å®¹ã®ç¢ºèª Log inãƒªãƒ³ã‚¯ãŒè¡¨ç¤ºã•ã‚Œã‚‹: å·¦ä¸Šã‹ã‚‰5ç•ªç›®ã®ãƒªãƒ³ã‚¯ãŒã€ŒLog inã€ã§ã‚ã‚‹
      [31mFailure/Error: expect(login_link).to match(/Log in/)[0m
      [31m[0m
      [31m  expected "\n               About\n" to match /Log in/[0m
      [31m  Diff:[0m[0m
      [31m  [0m[34m@@ -1,2 +1,3 @@[0m
      [31m  [0m[31m-/Log in/[0m
      [31m  [0m[32m+[0m
      [31m  [0m[32m+               About[0m
      [31m  [0m[0m
      [36m# ./spec/system/01_before_login_spec.rb:68:in `block (4 levels) in <main>'[0m

  11) [STEP1] ãƒ¦ãƒ¼ã‚¶ãƒ­ã‚°ã‚¤ãƒ³å‰ã®ãƒ†ã‚¹ãƒˆ ãƒ˜ãƒƒãƒ€ãƒ¼ã®ãƒ†ã‚¹ãƒˆ: ãƒ­ã‚°ã‚¤ãƒ³ã—ã¦ã„ãªã„å ´åˆ ãƒªãƒ³ã‚¯ã®å†…å®¹ã‚’ç¢ºèª Bookersã‚’æŠ¼ã™ã¨ã€ãƒˆãƒƒãƒ—ç”»é¢ã«é·ç§»ã™ã‚‹
      [31mFailure/Error: is_expected.to eq '/'[0m
      [31m[0m
      [31m  expected: "/"[0m
      [31m       got: "/users/sign_up"[0m
      [31m[0m
      [31m  (compared using ==)[0m
      [36m# ./spec/system/01_before_login_spec.rb:80:in `block (4 levels) in <main>'[0m

  12) [STEP1] ãƒ¦ãƒ¼ã‚¶ãƒ­ã‚°ã‚¤ãƒ³å‰ã®ãƒ†ã‚¹ãƒˆ ãƒ˜ãƒƒãƒ€ãƒ¼ã®ãƒ†ã‚¹ãƒˆ: ãƒ­ã‚°ã‚¤ãƒ³ã—ã¦ã„ãªã„å ´åˆ ãƒªãƒ³ã‚¯ã®å†…å®¹ã‚’ç¢ºèª Homeã‚’æŠ¼ã™ã¨ã€ãƒˆãƒƒãƒ—ç”»é¢ã«é·ç§»ã™ã‚‹
      [31mFailure/Error: is_expected.to eq '/'[0m
      [31m[0m
      [31m  expected: "/"[0m
      [31m       got: "/users/sign_in"[0m
      [31m[0m
      [31m  (compared using ==)[0m
      [36m# ./spec/system/01_before_login_spec.rb:87:in `block (4 levels) in <main>'[0m

  13) [STEP1] ãƒ¦ãƒ¼ã‚¶ãƒ­ã‚°ã‚¤ãƒ³å‰ã®ãƒ†ã‚¹ãƒˆ ãƒ˜ãƒƒãƒ€ãƒ¼ã®ãƒ†ã‚¹ãƒˆ: ãƒ­ã‚°ã‚¤ãƒ³ã—ã¦ã„ãªã„å ´åˆ ãƒªãƒ³ã‚¯ã®å†…å®¹ã‚’ç¢ºèª Aboutã‚’æŠ¼ã™ã¨ã€ã‚¢ãƒã‚¦ãƒˆç”»é¢ã«é·ç§»ã™ã‚‹
      [31mFailure/Error: is_expected.to eq '/home/about'[0m
      [31m[0m
      [31m  expected: "/home/about"[0m
      [31m       got: "/"[0m
      [31m[0m
      [31m  (compared using ==)[0m
      [36m# ./spec/system/01_before_login_spec.rb:93:in `block (4 levels) in <main>'[0m

  14) [STEP1] ãƒ¦ãƒ¼ã‚¶ãƒ­ã‚°ã‚¤ãƒ³å‰ã®ãƒ†ã‚¹ãƒˆ ãƒ˜ãƒƒãƒ€ãƒ¼ã®ãƒ†ã‚¹ãƒˆ: ãƒ­ã‚°ã‚¤ãƒ³ã—ã¦ã„ãªã„å ´åˆ ãƒªãƒ³ã‚¯ã®å†…å®¹ã‚’ç¢ºèª Sign upã‚’æŠ¼ã™ã¨ã€æ–°è¦ç™»éŒ²ç”»é¢ã«é·ç§»ã™ã‚‹
      [31mFailure/Error: is_expected.to eq '/users/sign_up'[0m
      [31m[0m
      [31m  expected: "/users/sign_up"[0m
      [31m       got: "/"[0m
      [31m[0m
      [31m  (compared using ==)[0m
      [36m# ./spec/system/01_before_login_spec.rb:99:in `block (4 levels) in <main>'[0m

  15) [STEP1] ãƒ¦ãƒ¼ã‚¶ãƒ­ã‚°ã‚¤ãƒ³å‰ã®ãƒ†ã‚¹ãƒˆ ãƒ˜ãƒƒãƒ€ãƒ¼ã®ãƒ†ã‚¹ãƒˆ: ãƒ­ã‚°ã‚¤ãƒ³ã—ã¦ã„ãªã„å ´åˆ ãƒªãƒ³ã‚¯ã®å†…å®¹ã‚’ç¢ºèª Log inã‚’æŠ¼ã™ã¨ã€ãƒ­ã‚°ã‚¤ãƒ³ç”»é¢ã«é·ç§»ã™ã‚‹
      [31mFailure/Error: click_link login_link, match: :first[0m
      [31m[0m
      [31mActionController::RoutingError:[0m
      [31m  No route matches [GET] "/home/about"[0m
      [36m# /home/ec2-user/.rvm/gems/ruby-3.1.2/gems/railties-6.1.7/lib/rails/rack/logger.rb:37:in `call_app'[0m
      [36m# /home/ec2-user/.rvm/gems/ruby-3.1.2/gems/railties-6.1.7/lib/rails/rack/logger.rb:26:in `block in call'[0m
      [36m# /home/ec2-user/.rvm/gems/ruby-3.1.2/gems/railties-6.1.7/lib/rails/rack/logger.rb:26:in `call'[0m
      [36m# /home/ec2-user/.rvm/gems/ruby-3.1.2/gems/rack-2.2.4/lib/rack/method_override.rb:24:in `call'[0m
      [36m# /home/ec2-user/.rvm/gems/ruby-3.1.2/gems/rack-2.2.4/lib/rack/runtime.rb:22:in `call'[0m
      [36m# /home/ec2-user/.rvm/gems/ruby-3.1.2/gems/rack-2.2.4/lib/rack/sendfile.rb:110:in `call'[0m
      [36m# /home/ec2-user/.rvm/gems/ruby-3.1.2/gems/railties-6.1.7/lib/rails/engine.rb:539:in `call'[0m
      [36m# /home/ec2-user/.rvm/gems/ruby-3.1.2/gems/rack-2.2.4/lib/rack/urlmap.rb:74:in `block in call'[0m
      [36m# /home/ec2-user/.rvm/gems/ruby-3.1.2/gems/rack-2.2.4/lib/rack/urlmap.rb:58:in `each'[0m
      [36m# /home/ec2-user/.rvm/gems/ruby-3.1.2/gems/rack-2.2.4/lib/rack/urlmap.rb:58:in `call'[0m
      [36m# /home/ec2-user/.rvm/gems/ruby-3.1.2/gems/rack-2.2.4/lib/rack/builder.rb:244:in `call'[0m
      [36m# /home/ec2-user/.rvm/gems/ruby-3.1.2/gems/rack-test-2.0.2/lib/rack/test.rb:358:in `process_request'[0m
      [36m# /home/ec2-user/.rvm/gems/ruby-3.1.2/gems/rack-test-2.0.2/lib/rack/test.rb:165:in `custom_request'[0m
      [36m# /home/ec2-user/.rvm/gems/ruby-3.1.2/gems/rack-test-2.0.2/lib/rack/test.rb:114:in `get'[0m
      [36m# /home/ec2-user/.rvm/gems/ruby-3.1.2/gems/capybara-3.38.0/lib/capybara/rack_test/browser.rb:80:in `process'[0m
      [36m# /home/ec2-user/.rvm/gems/ruby-3.1.2/gems/capybara-3.38.0/lib/capybara/rack_test/browser.rb:55:in `process_and_follow_redirects'[0m
      [36m# /home/ec2-user/.rvm/gems/ruby-3.1.2/gems/capybara-3.38.0/lib/capybara/rack_test/browser.rb:50:in `follow'[0m
      [36m# /home/ec2-user/.rvm/gems/ruby-3.1.2/gems/capybara-3.38.0/lib/capybara/rack_test/node.rb:249:in `follow_link'[0m
      [36m# /home/ec2-user/.rvm/gems/ruby-3.1.2/gems/capybara-3.38.0/lib/capybara/rack_test/node.rb:72:in `click'[0m
      [36m# /home/ec2-user/.rvm/gems/ruby-3.1.2/gems/capybara-3.38.0/lib/capybara/rack_test/node.rb:138:in `call'[0m
      [36m# /home/ec2-user/.rvm/gems/ruby-3.1.2/gems/capybara-3.38.0/lib/capybara/rack_test/node.rb:138:in `click'[0m
      [36m# /home/ec2-user/.rvm/gems/ruby-3.1.2/gems/capybara-3.38.0/lib/capybara/node/element.rb:172:in `block in click'[0m
      [36m# /home/ec2-user/.rvm/gems/ruby-3.1.2/gems/capybara-3.38.0/lib/capybara/node/element.rb:608:in `block in perform_click_action'[0m
      [36m# /home/ec2-user/.rvm/gems/ruby-3.1.2/gems/capybara-3.38.0/lib/capybara/node/base.rb:84:in `synchronize'[0m
      [36m# /home/ec2-user/.rvm/gems/ruby-3.1.2/gems/capybara-3.38.0/lib/capybara/node/element.rb:608:in `perform_click_action'[0m
      [36m# /home/ec2-user/.rvm/gems/ruby-3.1.2/gems/capybara-3.38.0/lib/capybara/node/element.rb:171:in `click'[0m
      [36m# /home/ec2-user/.rvm/gems/ruby-3.1.2/gems/capybara-3.38.0/lib/capybara/node/actions.rb:42:in `click_link'[0m
      [36m# /home/ec2-user/.rvm/gems/ruby-3.1.2/gems/capybara-3.38.0/lib/capybara/session.rb:773:in `click_link'[0m
      [36m# /home/ec2-user/.rvm/gems/ruby-3.1.2/gems/capybara-3.38.0/lib/capybara/dsl.rb:52:in `call'[0m
      [36m# /home/ec2-user/.rvm/gems/ruby-3.1.2/gems/capybara-3.38.0/lib/capybara/dsl.rb:52:in `click_link'[0m
      [36m# ./spec/system/01_before_login_spec.rb:104:in `block (4 levels) in <main>'[0m

  16) [STEP1] ãƒ¦ãƒ¼ã‚¶ãƒ­ã‚°ã‚¤ãƒ³å‰ã®ãƒ†ã‚¹ãƒˆ ãƒ¦ãƒ¼ã‚¶ãƒ­ã‚°ã‚¤ãƒ³ ãƒ­ã‚°ã‚¤ãƒ³æˆåŠŸã®ãƒ†ã‚¹ãƒˆ ãƒ­ã‚°ã‚¤ãƒ³å¾Œã®ãƒªãƒ€ã‚¤ãƒ¬ã‚¯ãƒˆå…ˆãŒã€ãƒ­ã‚°ã‚¤ãƒ³ã—ãŸãƒ¦ãƒ¼ã‚¶ã®è©³ç´°ç”»é¢ã«ãªã£ã¦ã„ã‚‹
      [31mFailure/Error: expect(current_path).to eq '/users/' + user.id.to_s[0m
      [31m[0m
      [31m  expected: "/users/1"[0m
      [31m       got: "/users/sign_in"[0m
      [31m[0m
      [31m  (compared using ==)[0m
      [36m# ./spec/system/01_before_login_spec.rb:193:in `block (4 levels) in <main>'[0m

Finished in 3.22 seconds (files took 2.94 seconds to load)
[31m46 examples, 16 failures[0m

Failed examples:

[31mrspec ./spec/system/01_before_login_spec.rb:13[0m [36m# [STEP1] ãƒ¦ãƒ¼ã‚¶ãƒ­ã‚°ã‚¤ãƒ³å‰ã®ãƒ†ã‚¹ãƒˆ ãƒˆãƒƒãƒ—ç”»é¢ã®ãƒ†ã‚¹ãƒˆ è¡¨ç¤ºå†…å®¹ã®ç¢ºèª Log inãƒªãƒ³ã‚¯ãŒè¡¨ç¤ºã•ã‚Œã‚‹: é’è‰²ã®ãƒœã‚¿ãƒ³ã®è¡¨ç¤ºãŒã€ŒLog inã€ã§ã‚ã‚‹[0m
[31mrspec ./spec/system/01_before_login_spec.rb:17[0m [36m# [STEP1] ãƒ¦ãƒ¼ã‚¶ãƒ­ã‚°ã‚¤ãƒ³å‰ã®ãƒ†ã‚¹ãƒˆ ãƒˆãƒƒãƒ—ç”»é¢ã®ãƒ†ã‚¹ãƒˆ è¡¨ç¤ºå†…å®¹ã®ç¢ºèª Log inãƒªãƒ³ã‚¯ã®å†…å®¹ãŒæ­£ã—ã„[0m
[31mrspec ./spec/system/01_before_login_spec.rb:21[0m [36m# [STEP1] ãƒ¦ãƒ¼ã‚¶ãƒ­ã‚°ã‚¤ãƒ³å‰ã®ãƒ†ã‚¹ãƒˆ ãƒˆãƒƒãƒ—ç”»é¢ã®ãƒ†ã‚¹ãƒˆ è¡¨ç¤ºå†…å®¹ã®ç¢ºèª Sign upãƒªãƒ³ã‚¯ãŒè¡¨ç¤ºã•ã‚Œã‚‹: ç·‘è‰²ã®ãƒœã‚¿ãƒ³ã®è¡¨ç¤ºãŒã€ŒSign upã€ã§ã‚ã‚‹[0m
[31mrspec ./spec/system/01_before_login_spec.rb:25[0m [36m# [STEP1] ãƒ¦ãƒ¼ã‚¶ãƒ­ã‚°ã‚¤ãƒ³å‰ã®ãƒ†ã‚¹ãƒˆ ãƒˆãƒƒãƒ—ç”»é¢ã®ãƒ†ã‚¹ãƒˆ è¡¨ç¤ºå†…å®¹ã®ç¢ºèª Sign upãƒªãƒ³ã‚¯ã®å†…å®¹ãŒæ­£ã—ã„[0m
[31mrspec ./spec/system/01_before_login_spec.rb:38[0m [36m# [STEP1] ãƒ¦ãƒ¼ã‚¶ãƒ­ã‚°ã‚¤ãƒ³å‰ã®ãƒ†ã‚¹ãƒˆ ã‚¢ãƒã‚¦ãƒˆç”»é¢ã®ãƒ†ã‚¹ãƒˆ è¡¨ç¤ºå†…å®¹ã®ç¢ºèª URLãŒæ­£ã—ã„[0m
[31mrspec ./spec/system/01_before_login_spec.rb:50[0m [36m# [STEP1] ãƒ¦ãƒ¼ã‚¶ãƒ­ã‚°ã‚¤ãƒ³å‰ã®ãƒ†ã‚¹ãƒˆ ãƒ˜ãƒƒãƒ€ãƒ¼ã®ãƒ†ã‚¹ãƒˆ: ãƒ­ã‚°ã‚¤ãƒ³ã—ã¦ã„ãªã„å ´åˆ è¡¨ç¤ºå†…å®¹ã®ç¢ºèª Bookersãƒªãƒ³ã‚¯ãŒè¡¨ç¤ºã•ã‚Œã‚‹: å·¦ä¸Šã‹ã‚‰1ç•ªç›®ã®ãƒªãƒ³ã‚¯ãŒã€ŒBookersã€ã§ã‚ã‚‹[0m
[31mrspec ./spec/system/01_before_login_spec.rb:54[0m [36m# [STEP1] ãƒ¦ãƒ¼ã‚¶ãƒ­ã‚°ã‚¤ãƒ³å‰ã®ãƒ†ã‚¹ãƒˆ ãƒ˜ãƒƒãƒ€ãƒ¼ã®ãƒ†ã‚¹ãƒˆ: ãƒ­ã‚°ã‚¤ãƒ³ã—ã¦ã„ãªã„å ´åˆ è¡¨ç¤ºå†…å®¹ã®ç¢ºèª Homeãƒªãƒ³ã‚¯ãŒè¡¨ç¤ºã•ã‚Œã‚‹: å·¦ä¸Šã‹ã‚‰2ç•ªç›®ã®ãƒªãƒ³ã‚¯ãŒã€ŒHomeã€ã§ã‚ã‚‹[0m
[31mrspec ./spec/system/01_before_login_spec.rb:58[0m [36m# [STEP1] ãƒ¦ãƒ¼ã‚¶ãƒ­ã‚°ã‚¤ãƒ³å‰ã®ãƒ†ã‚¹ãƒˆ ãƒ˜ãƒƒãƒ€ãƒ¼ã®ãƒ†ã‚¹ãƒˆ: ãƒ­ã‚°ã‚¤ãƒ³ã—ã¦ã„ãªã„å ´åˆ è¡¨ç¤ºå†…å®¹ã®ç¢ºèª Aboutãƒªãƒ³ã‚¯ãŒè¡¨ç¤ºã•ã‚Œã‚‹: å·¦ä¸Šã‹ã‚‰3ç•ªç›®ã®ãƒªãƒ³ã‚¯ãŒã€ŒAboutã€ã§ã‚ã‚‹[0m
[31mrspec ./spec/system/01_before_login_spec.rb:62[0m [36m# [STEP1] ãƒ¦ãƒ¼ã‚¶ãƒ­ã‚°ã‚¤ãƒ³å‰ã®ãƒ†ã‚¹ãƒˆ ãƒ˜ãƒƒãƒ€ãƒ¼ã®ãƒ†ã‚¹ãƒˆ: ãƒ­ã‚°ã‚¤ãƒ³ã—ã¦ã„ãªã„å ´åˆ è¡¨ç¤ºå†…å®¹ã®ç¢ºèª Sign upãƒªãƒ³ã‚¯ãŒè¡¨ç¤ºã•ã‚Œã‚‹: å·¦ä¸Šã‹ã‚‰4ç•ªç›®ã®ãƒªãƒ³ã‚¯ãŒã€ŒSign upã€ã§ã‚ã‚‹[0m
[31mrspec ./spec/system/01_before_login_spec.rb:66[0m [36m# [STEP1] ãƒ¦ãƒ¼ã‚¶ãƒ­ã‚°ã‚¤ãƒ³å‰ã®ãƒ†ã‚¹ãƒˆ ãƒ˜ãƒƒãƒ€ãƒ¼ã®ãƒ†ã‚¹ãƒˆ: ãƒ­ã‚°ã‚¤ãƒ³ã—ã¦ã„ãªã„å ´åˆ è¡¨ç¤ºå†…å®¹ã®ç¢ºèª Log inãƒªãƒ³ã‚¯ãŒè¡¨ç¤ºã•ã‚Œã‚‹: å·¦ä¸Šã‹ã‚‰5ç•ªç›®ã®ãƒªãƒ³ã‚¯ãŒã€ŒLog inã€ã§ã‚ã‚‹[0m
[31mrspec ./spec/system/01_before_login_spec.rb:75[0m [36m# [STEP1] ãƒ¦ãƒ¼ã‚¶ãƒ­ã‚°ã‚¤ãƒ³å‰ã®ãƒ†ã‚¹ãƒˆ ãƒ˜ãƒƒãƒ€ãƒ¼ã®ãƒ†ã‚¹ãƒˆ: ãƒ­ã‚°ã‚¤ãƒ³ã—ã¦ã„ãªã„å ´åˆ ãƒªãƒ³ã‚¯ã®å†…å®¹ã‚’ç¢ºèª Bookersã‚’æŠ¼ã™ã¨ã€ãƒˆãƒƒãƒ—ç”»é¢ã«é·ç§»ã™ã‚‹[0m
[31mrspec ./spec/system/01_before_login_spec.rb:82[0m [36m# [STEP1] ãƒ¦ãƒ¼ã‚¶ãƒ­ã‚°ã‚¤ãƒ³å‰ã®ãƒ†ã‚¹ãƒˆ ãƒ˜ãƒƒãƒ€ãƒ¼ã®ãƒ†ã‚¹ãƒˆ: ãƒ­ã‚°ã‚¤ãƒ³ã—ã¦ã„ãªã„å ´åˆ ãƒªãƒ³ã‚¯ã®å†…å®¹ã‚’ç¢ºèª Homeã‚’æŠ¼ã™ã¨ã€ãƒˆãƒƒãƒ—ç”»é¢ã«é·ç§»ã™ã‚‹[0m
[31mrspec ./spec/system/01_before_login_spec.rb:89[0m [36m# [STEP1] ãƒ¦ãƒ¼ã‚¶ãƒ­ã‚°ã‚¤ãƒ³å‰ã®ãƒ†ã‚¹ãƒˆ ãƒ˜ãƒƒãƒ€ãƒ¼ã®ãƒ†ã‚¹ãƒˆ: ãƒ­ã‚°ã‚¤ãƒ³ã—ã¦ã„ãªã„å ´åˆ ãƒªãƒ³ã‚¯ã®å†…å®¹ã‚’ç¢ºèª Aboutã‚’æŠ¼ã™ã¨ã€ã‚¢ãƒã‚¦ãƒˆç”»é¢ã«é·ç§»ã™ã‚‹[0m
[31mrspec ./spec/system/01_before_login_spec.rb:95[0m [36m# [STEP1] ãƒ¦ãƒ¼ã‚¶ãƒ­ã‚°ã‚¤ãƒ³å‰ã®ãƒ†ã‚¹ãƒˆ ãƒ˜ãƒƒãƒ€ãƒ¼ã®ãƒ†ã‚¹ãƒˆ: ãƒ­ã‚°ã‚¤ãƒ³ã—ã¦ã„ãªã„å ´åˆ ãƒªãƒ³ã‚¯ã®å†…å®¹ã‚’ç¢ºèª Sign upã‚’æŠ¼ã™ã¨ã€æ–°è¦ç™»éŒ²ç”»é¢ã«é·ç§»ã™ã‚‹[0m
[31mrspec ./spec/system/01_before_login_spec.rb:101[0m [36m# [STEP1] ãƒ¦ãƒ¼ã‚¶ãƒ­ã‚°ã‚¤ãƒ³å‰ã®ãƒ†ã‚¹ãƒˆ ãƒ˜ãƒƒãƒ€ãƒ¼ã®ãƒ†ã‚¹ãƒˆ: ãƒ­ã‚°ã‚¤ãƒ³ã—ã¦ã„ãªã„å ´åˆ ãƒªãƒ³ã‚¯ã®å†…å®¹ã‚’ç¢ºèª Log inã‚’æŠ¼ã™ã¨ã€ãƒ­ã‚°ã‚¤ãƒ³ç”»é¢ã«é·ç§»ã™ã‚‹[0m
[31mrspec ./spec/system/01_before_login_spec.rb:192[0m [36m# [STEP1] ãƒ¦ãƒ¼ã‚¶ãƒ­ã‚°ã‚¤ãƒ³å‰ã®ãƒ†ã‚¹ãƒˆ ãƒ¦ãƒ¼ã‚¶ãƒ­ã‚°ã‚¤ãƒ³ ãƒ­ã‚°ã‚¤ãƒ³æˆåŠŸã®ãƒ†ã‚¹ãƒˆ ãƒ­ã‚°ã‚¤ãƒ³å¾Œã®ãƒªãƒ€ã‚¤ãƒ¬ã‚¯ãƒˆå…ˆãŒã€ãƒ­ã‚°ã‚¤ãƒ³ã—ãŸãƒ¦ãƒ¼ã‚¶ã®è©³ç´°ç”»é¢ã«ãªã£ã¦ã„ã‚‹[0m

